SF:lib/domain/usecase/get_recipe.dart
DA:9,1
DA:13,1
DA:14,2
DA:17,0
DA:19,0
LF:5
LH:3
end_of_record
SF:lib/data/models/ingredient_model.dart
DA:7,2
DA:12,1
DA:13,1
DA:14,1
DA:15,7
DA:19,2
DA:20,2
DA:21,2
DA:22,4
DA:25,0
DA:26,0
DA:27,0
LF:12
LH:9
end_of_record
SF:lib/domain/entities/ingredient_entity.dart
DA:6,4
DA:11,1
DA:12,3
LF:3
LH:3
end_of_record
SF:lib/data/data_sources/recipe_data_source.dart
DA:16,1
DA:19,1
DA:21,3
DA:23,2
DA:24,2
DA:27,4
DA:31,1
DA:35,1
DA:37,3
DA:38,3
DA:40,0
DA:41,0
DA:44,0
DA:48,0
LF:14
LH:10
end_of_record
SF:lib/core/constants/constants.dart
DA:8,0
LF:1
LH:0
end_of_record
SF:lib/core/error/failure.dart
DA:5,1
DA:6,1
DA:7,2
DA:11,2
DA:15,2
LF:5
LH:5
end_of_record
SF:lib/data/models/recipe_model.dart
DA:6,0
DA:11,0
DA:12,0
DA:13,0
DA:14,0
DA:18,0
DA:19,0
DA:20,0
DA:21,0
DA:24,0
DA:25,0
DA:26,0
LF:12
LH:0
end_of_record
SF:lib/domain/entities/recipe_entity.dart
DA:6,0
DA:11,0
DA:12,0
LF:3
LH:0
end_of_record
SF:lib/data/repositories/recipe_repository_impl.dart
DA:13,1
DA:16,1
DA:19,2
DA:20,0
DA:21,1
DA:22,2
DA:23,1
DA:24,2
DA:28,0
DA:32,0
DA:33,0
DA:34,0
DA:35,0
DA:36,0
DA:37,0
LF:15
LH:7
end_of_record
SF:lib/presentation/bloc/recipe_bloc/recipe_bloc.dart
DA:12,3
DA:13,2
DA:14,2
DA:15,2
DA:18,0
DA:19,0
DA:20,0
DA:21,0
DA:22,0
DA:23,0
DA:24,0
DA:25,0
DA:31,1
DA:33,1
DA:34,1
DA:35,0
DA:38,0
DA:39,0
DA:41,0
DA:42,0
DA:43,0
DA:46,0
DA:48,0
DA:49,0
DA:50,0
DA:58,0
DA:60,0
DA:62,0
DA:63,0
DA:64,0
DA:65,0
DA:66,0
DA:67,0
LF:33
LH:7
end_of_record
SF:lib/presentation/bloc/recipe_bloc/recipe_event.dart
DA:5,1
DA:6,0
DA:7,0
DA:12,0
DA:17,1
DA:18,0
DA:19,0
DA:24,0
DA:25,0
DA:26,0
LF:10
LH:2
end_of_record
SF:lib/presentation/bloc/recipe_bloc/recipe_state.dart
DA:7,1
DA:8,1
DA:9,1
DA:20,0
DA:25,0
DA:26,0
DA:28,0
DA:33,0
DA:34,0
DA:35,0
DA:37,0
DA:44,1
DA:46,1
DA:47,2
DA:56,0
DA:59,0
DA:60,0
LF:17
LH:6
end_of_record
